<?xml version="1.0" encoding="UTF-8"?>
<!-- Generated by org.testng.reporters.JUnitReportReporter -->
<testsuite hostname="DESKTOP-D3TC1Q6" failures="0" tests="4" name="testClasses.LoginPageTestClass" time="39.637" errors="0" timestamp="2025-03-22T10:01:27 IST" skipped="0">
  <testcase classname="testClasses.LoginPageTestClass" name="verifySuccessfulLoginPage" time="23.016"/>
  <testcase classname="testClasses.LoginPageTestClass" name="verifyUnsuccessfulLogin" time="5.910"/>
  <testcase classname="testClasses.LoginPageTestClass" name="verifyUnsuccessfulLogin" time="5.469"/>
  <testcase classname="testClasses.LoginPageTestClass" name="verifyUnsuccessfulLogin" time="5.242"/>
</testsuite> <!-- testClasses.LoginPageTestClass -->
