<?xml version="1.0" encoding="UTF-8"?>
<!-- Generated by org.testng.reporters.JUnitReportReporter -->
<testsuite hostname="DESKTOP-D3TC1Q6" failures="0" tests="4" name="testClasses.DashboardPageTestClass" time="94.455" errors="0" timestamp="2025-03-21T12:07:07 IST" skipped="0">
  <testcase classname="testClasses.DashboardPageTestClass" name="verifyTheListProductsPageIsOpenedWhileClickingOn_ManageProducts" time="15.202"/>
  <testcase classname="testClasses.DashboardPageTestClass" name="VerifyAllTilesInDashboardPageAreDisplayed" time="38.061"/>
  <testcase classname="testClasses.DashboardPageTestClass" name="verifyTheListProductsPageIsOpenedWhileClickingOn_ManageProducts" time="18.498"/>
  <testcase classname="testClasses.DashboardPageTestClass" name="VerifyAllTilesInDashboardPageAreDisplayed" time="22.694"/>
</testsuite> <!-- testClasses.DashboardPageTestClass -->
