<?xml version="1.0" encoding="UTF-8"?>
<!-- Generated by org.testng.reporters.JUnitReportReporter -->
<testsuite hostname="DESKTOP-D3TC1Q6" failures="0" tests="1" name="testClasses.DashboardPageTestClass" time="11.576" errors="0" timestamp="2025-03-12T19:54:39 IST" skipped="0">
  <testcase classname="testClasses.DashboardPageTestClass" name="verifyTheListProductPageIsOpenedWhileClickingOnManageProducts" time="11.576"/>
</testsuite> <!-- testClasses.DashboardPageTestClass -->
